<?xml version="1.0" encoding="UTF-8"?>
<testsuite name="com.kodilla.patterns.builder.bigmac.BigmacTestSuite" tests="1" skipped="0" failures="0" errors="0" timestamp="2020-09-10T12:02:14" hostname="MacBook-Air-Mateusz.local" time="0.023">
  <properties/>
  <testcase name="BigmacBuldierTest" classname="com.kodilla.patterns.builder.bigmac.BigmacTestSuite" time="0.023"/>
  <system-out><![CDATA[Bigmac{burgers=3, roll='with sesame', sauce='null', ingredients=[cucumber]}
]]></system-out>
  <system-err><![CDATA[]]></system-err>
</testsuite>
