<?xml version="1.0" encoding="UTF-8"?>
<testsuite name="com.kodilla.patterns.builder.bigmac.BigmacTestSuite" tests="1" skipped="0" failures="0" errors="0" timestamp="2020-03-31T21:13:26" hostname="MacBook-Air-Mateusz.local" time="0.024">
  <properties/>
  <testcase name="BigmacBuldierTest" classname="com.kodilla.patterns.builder.bigmac.BigmacTestSuite" time="0.024"/>
  <system-out><![CDATA[Bigmac{bun=SESAME, burgers=L, sauce=BBQ, ingredients=[Bacon, Cucumber, Mushroom]}
]]></system-out>
  <system-err><![CDATA[]]></system-err>
</testsuite>
