<?xml version="1.0" encoding="UTF-8"?>
<testsuite name="com.kodilla.patterns.singleton.LoggerTestSuite" tests="1" skipped="0" failures="0" errors="0" timestamp="2020-03-23T22:01:18" hostname="MacBook-Air-Mateusz.local" time="0.001">
  <properties/>
  <testcase name="testGetLastLog" classname="com.kodilla.patterns.singleton.LoggerTestSuite" time="0.001"/>
  <system-out><![CDATA[Log: [My first log]
Log: [hello]
Log: [it is]
Log: [my last log]
]]></system-out>
  <system-err><![CDATA[]]></system-err>
</testsuite>
