<?xml version="1.0" encoding="UTF-8"?>
<testsuite name="DbManagerTestSuite" tests="1" skipped="0" failures="0" errors="0" timestamp="2020-09-13T20:43:43" hostname="MacBook-Air-Mateusz.local" time="1.01">
  <properties/>
  <testcase name="testSelectUsersAndPosts" classname="DbManagerTestSuite" time="1.01"/>
  <system-out><![CDATA[Mateusz , Dudek , 3
Mateusz , Dudek , 3
]]></system-out>
  <system-err><![CDATA[]]></system-err>
</testsuite>
